app/build/intermediates/manifest_merge_blame_file/debug/manifest-merger-blame-debug-report.txt
1<?xml version="1.0" encoding="utf-8"?>
2<manifest xmlns:android="http://schemas.android.com/apk/res/android"
3    package="com.example.sSqlapplication"
4    android:versionCode="1"
5    android:versionName="1.0" >
6
7    <uses-sdk
8        android:minSdkVersion="16"
8-->src/main/AndroidManifest.xml
9        android:targetSdkVersion="30" />
9-->src/main/AndroidManifest.xml
10
11    <application
11-->src/main/AndroidManifest.xml:5:5-43:19
12        android:allowBackup="true"
12-->src/main/AndroidManifest.xml:6:9-35
13        android:appComponentFactory="androidx.core.app.CoreComponentFactory"
13-->[androidx.core:core:1.3.2] AndroidManifest.xml:24:18-86
14        android:debuggable="true"
15        android:icon="@mipmap/ic_launcher"
15-->src/main/AndroidManifest.xml:7:9-43
16        android:label="@string/app_name"
16-->src/main/AndroidManifest.xml:8:9-41
17        android:roundIcon="@mipmap/ic_launcher_round"
17-->src/main/AndroidManifest.xml:9:9-54
18        android:supportsRtl="true"
18-->src/main/AndroidManifest.xml:10:9-35
19        android:testOnly="true"
20        android:theme="@style/Theme.Sqlapp" >
20-->src/main/AndroidManifest.xml:11:9-44
21        <activity
21-->src/main/AndroidManifest.xml:12:9-20:20
22            android:name="com.example.sSqlapplication.WelcomeActivity"
22-->src/main/AndroidManifest.xml:13:13-44
23            android:theme="@style/WelcomeTheme" >
23-->src/main/AndroidManifest.xml:14:13-48
24            <intent-filter>
24-->src/main/AndroidManifest.xml:15:13-19:29
25                <action android:name="android.intent.action.MAIN" />
25-->src/main/AndroidManifest.xml:16:17-69
25-->src/main/AndroidManifest.xml:16:25-66
26
27                <category android:name="android.intent.category.LAUNCHER" />
27-->src/main/AndroidManifest.xml:18:17-77
27-->src/main/AndroidManifest.xml:18:27-74
28            </intent-filter>
29        </activity>
30        <activity
30-->src/main/AndroidManifest.xml:21:9-22:57
31            android:name="com.example.sSqlapplication.MainActivity"
31-->src/main/AndroidManifest.xml:21:19-47
32            android:label="@string/app_name" />
32-->src/main/AndroidManifest.xml:22:13-45
33        <activity
33-->src/main/AndroidManifest.xml:23:9-32:20
34            android:name="com.example.sSqlapplication.CustomerBookingActivity"
34-->src/main/AndroidManifest.xml:24:13-52
35            android:label="@string/booking_activity"
35-->src/main/AndroidManifest.xml:25:13-53
36            android:parentActivityName="com.example.sSqlapplication.MainActivity" >
36-->src/main/AndroidManifest.xml:26:13-55
37
38            <!-- Parent activity meta-data to support 4.0 and lower -->
39            <meta-data
39-->src/main/AndroidManifest.xml:29:13-31:76
40                android:name="android.support.PARENT_ACTIVITY"
40-->src/main/AndroidManifest.xml:30:17-63
41                android:value="com.example.sSqlapplication.MainActivity" />
41-->src/main/AndroidManifest.xml:31:17-73
42        </activity>
43        <activity android:name="com.example.sSqlapplication.LoginActivity" />
43-->src/main/AndroidManifest.xml:33:9-60
43-->src/main/AndroidManifest.xml:33:19-48
44        <activity
44-->src/main/AndroidManifest.xml:34:9-42:20
45            android:name="com.example.sSqlapplication.RegisterActivity"
45-->src/main/AndroidManifest.xml:35:13-45
46            android:parentActivityName="com.example.sSqlapplication.LoginActivity" >
46-->src/main/AndroidManifest.xml:36:13-56
47
48            <!-- Parent activity meta-data to support 4.0 and lower -->
49            <meta-data
49-->src/main/AndroidManifest.xml:29:13-31:76
50                android:name="android.support.PARENT_ACTIVITY"
50-->src/main/AndroidManifest.xml:30:17-63
51                android:value="com.example.sSqlapplication.LoginActivity" />
51-->src/main/AndroidManifest.xml:31:17-73
52        </activity>
53    </application>
54
55</manifest>